mode: set
cms-user/internal/repository/postgres/article.go:13.102,20.16 3 1
cms-user/internal/repository/postgres/article.go:25.2,25.18 1 1
cms-user/internal/repository/postgres/article.go:46.2,46.24 1 1
cms-user/internal/repository/postgres/article.go:50.2,50.22 1 1
cms-user/internal/repository/postgres/article.go:20.16,23.3 2 1
cms-user/internal/repository/postgres/article.go:25.18,31.194 2 1
cms-user/internal/repository/postgres/article.go:36.3,37.17 2 1
cms-user/internal/repository/postgres/article.go:42.3,43.36 2 1
cms-user/internal/repository/postgres/article.go:31.194,34.4 2 1
cms-user/internal/repository/postgres/article.go:37.17,40.4 2 1
cms-user/internal/repository/postgres/article.go:46.24,48.3 1 1
cms-user/internal/repository/postgres/article.go:52.91,60.16 3 1
cms-user/internal/repository/postgres/article.go:65.2,66.16 2 1
cms-user/internal/repository/postgres/article.go:70.2,72.21 2 1
cms-user/internal/repository/postgres/article.go:60.16,63.3 2 1
cms-user/internal/repository/postgres/article.go:66.16,69.3 2 1
cms-user/internal/repository/postgres/article.go:74.98,82.16 3 0
cms-user/internal/repository/postgres/article.go:87.2,88.16 2 0
cms-user/internal/repository/postgres/article.go:93.2,94.16 2 0
cms-user/internal/repository/postgres/article.go:99.2,99.24 1 0
cms-user/internal/repository/postgres/article.go:82.16,85.3 2 0
cms-user/internal/repository/postgres/article.go:88.16,91.3 2 0
cms-user/internal/repository/postgres/article.go:94.16,97.3 2 0
cms-user/internal/repository/postgres/article.go:101.98,109.16 3 0
cms-user/internal/repository/postgres/article.go:114.2,115.16 2 0
cms-user/internal/repository/postgres/article.go:120.2,121.16 2 0
cms-user/internal/repository/postgres/article.go:126.2,127.23 2 0
cms-user/internal/repository/postgres/article.go:131.2,131.24 1 0
cms-user/internal/repository/postgres/article.go:109.16,112.3 2 0
cms-user/internal/repository/postgres/article.go:115.16,118.3 2 0
cms-user/internal/repository/postgres/article.go:121.16,124.3 2 0
cms-user/internal/repository/postgres/article.go:127.23,129.3 1 0
cms-user/internal/repository/postgres/article.go:133.71,135.16 2 0
cms-user/internal/repository/postgres/article.go:140.2,141.23 2 0
cms-user/internal/repository/postgres/article.go:145.2,145.12 1 0
cms-user/internal/repository/postgres/article.go:135.16,138.3 2 0
cms-user/internal/repository/postgres/article.go:141.23,143.3 1 0
cms-user/internal/repository/postgres/category.go:13.81,21.16 3 1
cms-user/internal/repository/postgres/category.go:26.2,26.18 1 1
cms-user/internal/repository/postgres/category.go:35.2,35.26 1 1
cms-user/internal/repository/postgres/category.go:39.2,39.24 1 1
cms-user/internal/repository/postgres/category.go:21.16,24.3 2 1
cms-user/internal/repository/postgres/category.go:26.18,28.104 2 1
cms-user/internal/repository/postgres/category.go:32.3,32.40 1 1
cms-user/internal/repository/postgres/category.go:28.104,31.4 2 1
cms-user/internal/repository/postgres/category.go:35.26,37.3 1 1
cms-user/internal/repository/postgres/category.go:41.90,48.16 3 1
cms-user/internal/repository/postgres/category.go:53.2,53.22 1 1
cms-user/internal/repository/postgres/category.go:48.16,51.3 2 1
cms-user/internal/repository/postgres/category.go:55.99,57.16 2 0
cms-user/internal/repository/postgres/category.go:62.2,62.22 1 0
cms-user/internal/repository/postgres/category.go:57.16,60.3 2 0
cms-user/internal/repository/postgres/category.go:64.99,66.16 2 0
cms-user/internal/repository/postgres/category.go:71.2,72.23 2 0
cms-user/internal/repository/postgres/category.go:76.2,76.22 1 0
cms-user/internal/repository/postgres/category.go:66.16,69.3 2 0
cms-user/internal/repository/postgres/category.go:72.23,74.3 1 0
cms-user/internal/repository/postgres/category.go:78.72,80.16 2 0
cms-user/internal/repository/postgres/category.go:85.2,86.23 2 0
cms-user/internal/repository/postgres/category.go:90.2,90.12 1 0
cms-user/internal/repository/postgres/category.go:80.16,83.3 2 0
cms-user/internal/repository/postgres/category.go:86.23,88.3 1 0
cms-user/internal/repository/postgres/init.go:21.50,25.2 1 1
cms-user/utils/validation.go:5.37,8.2 2 1
cms-user/utils/validation.go:10.36,13.2 2 1
cms-user/utils/validation.go:15.41,18.2 2 1
cms-user/utils/validation.go:20.33,23.2 2 1
cms-user/utils/common.go:9.63,13.2 3 1
cms-user/utils/common.go:14.61,18.2 3 1
cms-user/utils/common.go:19.38,21.16 2 1
cms-user/utils/common.go:26.2,27.22 2 1
cms-user/utils/common.go:21.16,24.3 2 1
cms-user/internal/usecase/init.go:20.71,24.2 1 1
cms-user/internal/usecase/article.go:10.98,16.16 3 1
cms-user/internal/usecase/article.go:21.2,22.28 2 1
cms-user/internal/usecase/article.go:27.2,27.22 1 1
cms-user/internal/usecase/article.go:16.16,19.3 2 1
cms-user/internal/usecase/article.go:22.28,25.3 2 1
cms-user/internal/usecase/article.go:29.89,34.16 3 1
cms-user/internal/usecase/article.go:38.2,41.21 3 1
cms-user/internal/usecase/article.go:34.16,37.3 2 1
cms-user/internal/usecase/category.go:9.79,15.16 3 1
cms-user/internal/usecase/category.go:20.2,21.28 2 1
cms-user/internal/usecase/category.go:26.2,26.24 1 1
cms-user/internal/usecase/category.go:15.16,18.3 2 1
cms-user/internal/usecase/category.go:21.28,24.3 2 1
cms-user/internal/usecase/category.go:28.90,34.16 3 1
cms-user/internal/usecase/category.go:38.2,41.22 3 1
cms-user/internal/usecase/category.go:34.16,37.3 2 1
cms-user/internal/delivery/api/article.go:15.61,22.34 3 1
cms-user/internal/delivery/api/article.go:30.2,31.35 2 1
cms-user/internal/delivery/api/article.go:39.2,40.16 2 1
cms-user/internal/delivery/api/article.go:46.2,47.37 2 1
cms-user/internal/delivery/api/article.go:22.34,24.17 2 1
cms-user/internal/delivery/api/article.go:24.17,27.4 2 1
cms-user/internal/delivery/api/article.go:31.35,33.17 2 1
cms-user/internal/delivery/api/article.go:33.17,36.4 2 1
cms-user/internal/delivery/api/article.go:40.16,44.3 3 1
cms-user/internal/delivery/api/article.go:49.67,55.16 3 1
cms-user/internal/delivery/api/article.go:60.2,61.16 2 1
cms-user/internal/delivery/api/article.go:71.2,72.37 2 1
cms-user/internal/delivery/api/article.go:55.16,58.3 2 1
cms-user/internal/delivery/api/article.go:61.16,62.27 1 1
cms-user/internal/delivery/api/article.go:66.3,68.55 3 1
cms-user/internal/delivery/api/article.go:62.27,65.4 2 1
cms-user/internal/delivery/api/category.go:15.65,17.16 2 1
cms-user/internal/delivery/api/category.go:23.2,24.37 2 1
cms-user/internal/delivery/api/category.go:17.16,21.3 3 1
cms-user/internal/delivery/api/category.go:26.68,32.16 3 1
cms-user/internal/delivery/api/category.go:37.2,38.16 2 1
cms-user/internal/delivery/api/category.go:48.2,49.37 2 1
cms-user/internal/delivery/api/category.go:32.16,35.3 2 1
cms-user/internal/delivery/api/category.go:38.16,39.27 1 1
cms-user/internal/delivery/api/category.go:43.3,45.55 3 1
cms-user/internal/delivery/api/category.go:39.27,42.4 2 1
cms-user/internal/delivery/api/init.go:21.65,25.2 1 1
