mode: set
cms/internal/delivery/api/article.go:13.61,19.34 2 1
cms/internal/delivery/api/article.go:29.2,29.35 1 1
cms/internal/delivery/api/article.go:39.2,40.16 2 1
cms/internal/delivery/api/article.go:51.2,52.26 2 1
cms/internal/delivery/api/article.go:55.2,56.37 2 1
cms/internal/delivery/api/article.go:19.34,21.3 1 1
cms/internal/delivery/api/article.go:21.8,23.17 2 1
cms/internal/delivery/api/article.go:23.17,26.4 2 1
cms/internal/delivery/api/article.go:29.35,31.3 1 1
cms/internal/delivery/api/article.go:31.8,33.17 2 1
cms/internal/delivery/api/article.go:33.17,36.4 2 1
cms/internal/delivery/api/article.go:40.16,41.31 1 1
cms/internal/delivery/api/article.go:41.31,44.4 2 0
cms/internal/delivery/api/article.go:44.9,48.4 3 1
cms/internal/delivery/api/article.go:52.26,54.3 1 1
cms/internal/delivery/api/article.go:58.67,63.48 2 1
cms/internal/delivery/api/article.go:70.2,71.16 2 1
cms/internal/delivery/api/article.go:82.2,86.37 4 1
cms/internal/delivery/api/article.go:63.48,66.3 2 1
cms/internal/delivery/api/article.go:66.8,68.3 1 1
cms/internal/delivery/api/article.go:71.16,72.31 1 1
cms/internal/delivery/api/article.go:72.31,75.4 2 0
cms/internal/delivery/api/article.go:75.9,79.4 3 1
cms/internal/delivery/api/category.go:13.65,19.16 3 1
cms/internal/delivery/api/category.go:30.2,31.26 2 1
cms/internal/delivery/api/category.go:34.2,35.37 2 1
cms/internal/delivery/api/category.go:19.16,20.31 1 1
cms/internal/delivery/api/category.go:20.31,23.4 2 0
cms/internal/delivery/api/category.go:23.9,27.4 3 1
cms/internal/delivery/api/category.go:31.26,33.3 1 1
cms/internal/delivery/api/category.go:37.65,42.48 2 1
cms/internal/delivery/api/category.go:49.2,50.16 2 1
cms/internal/delivery/api/category.go:61.2,65.37 4 1
cms/internal/delivery/api/category.go:42.48,45.3 2 1
cms/internal/delivery/api/category.go:45.8,47.3 1 1
cms/internal/delivery/api/category.go:50.16,51.31 1 1
cms/internal/delivery/api/category.go:51.31,54.4 2 0
cms/internal/delivery/api/category.go:54.9,58.4 3 1
cms/internal/delivery/api/init.go:20.50,24.2 1 1
cms/internal/repository/postgres/article.go:12.102,20.16 3 1
cms/internal/repository/postgres/article.go:29.2,29.18 1 1
cms/internal/repository/postgres/article.go:40.2,40.23 1 1
cms/internal/repository/postgres/article.go:20.16,21.27 1 1
cms/internal/repository/postgres/article.go:21.27,23.4 1 0
cms/internal/repository/postgres/article.go:23.9,26.4 2 1
cms/internal/repository/postgres/article.go:29.18,31.194 2 1
cms/internal/repository/postgres/article.go:35.3,37.36 3 1
cms/internal/repository/postgres/article.go:31.194,34.4 2 1
cms/internal/repository/postgres/article.go:40.23,42.3 1 1
cms/internal/repository/postgres/article.go:42.8,44.3 1 1
cms/internal/repository/postgres/article.go:46.91,53.16 3 1
cms/internal/repository/postgres/article.go:61.2,64.21 3 1
cms/internal/repository/postgres/article.go:53.16,54.27 1 1
cms/internal/repository/postgres/article.go:54.27,56.4 1 0
cms/internal/repository/postgres/article.go:56.9,59.4 2 1
cms/internal/repository/postgres/category.go:12.81,20.16 3 1
cms/internal/repository/postgres/category.go:29.2,29.18 1 1
cms/internal/repository/postgres/category.go:40.2,40.25 1 1
cms/internal/repository/postgres/category.go:20.16,21.27 1 1
cms/internal/repository/postgres/category.go:21.27,23.4 1 0
cms/internal/repository/postgres/category.go:23.9,26.4 2 1
cms/internal/repository/postgres/category.go:29.18,31.104 2 1
cms/internal/repository/postgres/category.go:35.3,37.40 3 1
cms/internal/repository/postgres/category.go:31.104,34.4 2 1
cms/internal/repository/postgres/category.go:40.25,42.3 1 1
cms/internal/repository/postgres/category.go:42.8,44.3 1 1
cms/internal/repository/postgres/category.go:46.87,53.16 3 1
cms/internal/repository/postgres/category.go:61.2,64.22 3 1
cms/internal/repository/postgres/category.go:53.16,54.27 1 1
cms/internal/repository/postgres/category.go:54.27,56.4 1 0
cms/internal/repository/postgres/category.go:56.9,59.4 2 1
cms/internal/repository/postgres/init.go:20.33,24.2 1 1
